<?xml version="1.0" encoding="UTF-8"?>
<testsuite xmlns:xsi="http://www.w3.org/2001/XMLSchema-instance" xsi:noNamespaceSchemaLocation="https://maven.apache.org/surefire/maven-surefire-plugin/xsd/surefire-test-report.xsd" name="com.example.multiplyintegers.MultiplyIntegersTest" time="0.227" tests="4" errors="0" skipped="0" failures="1">
  <properties>
    <property name="sun.desktop" value="windows"/>
    <property name="awt.toolkit" value="sun.awt.windows.WToolkit"/>
    <property name="java.specification.version" value="11"/>
    <property name="sun.cpu.isalist" value="amd64"/>
    <property name="sun.jnu.encoding" value="Cp1252"/>
    <property name="java.class.path" value="D:\automate\target\test-classes;D:\automate\target\classes;C:\Users\Neeraj Parkash.DESKTOP-K6BRIHC\.m2\repository\org\junit\jupiter\junit-jupiter-api\5.7.0\junit-jupiter-api-5.7.0.jar;C:\Users\Neeraj Parkash.DESKTOP-K6BRIHC\.m2\repository\org\apiguardian\apiguardian-api\1.1.0\apiguardian-api-1.1.0.jar;C:\Users\Neeraj Parkash.DESKTOP-K6BRIHC\.m2\repository\org\opentest4j\opentest4j\1.2.0\opentest4j-1.2.0.jar;C:\Users\Neeraj Parkash.DESKTOP-K6BRIHC\.m2\repository\org\junit\platform\junit-platform-commons\1.7.0\junit-platform-commons-1.7.0.jar;C:\Users\Neeraj Parkash.DESKTOP-K6BRIHC\.m2\repository\org\junit\jupiter\junit-jupiter-engine\5.7.0\junit-jupiter-engine-5.7.0.jar;C:\Users\Neeraj Parkash.DESKTOP-K6BRIHC\.m2\repository\org\junit\platform\junit-platform-engine\1.7.0\junit-platform-engine-1.7.0.jar;C:\Users\Neeraj Parkash.DESKTOP-K6BRIHC\.m2\repository\org\junit\vintage\junit-vintage-engine\5.7.0\junit-vintage-engine-5.7.0.jar;C:\Users\Neeraj Parkash.DESKTOP-K6BRIHC\.m2\repository\junit\junit\4.13\junit-4.13.jar;C:\Users\Neeraj Parkash.DESKTOP-K6BRIHC\.m2\repository\org\hamcrest\hamcrest-core\1.3\hamcrest-core-1.3.jar;"/>
    <property name="java.vm.vendor" value="Oracle Corporation"/>
    <property name="sun.arch.data.model" value="64"/>
    <property name="user.variant" value=""/>
    <property name="java.vendor.url" value="https://openjdk.java.net/"/>
    <property name="user.timezone" value="Asia/Karachi"/>
    <property name="java.vm.specification.version" value="11"/>
    <property name="os.name" value="Windows 11"/>
    <property name="sun.java.launcher" value="SUN_STANDARD"/>
    <property name="user.country" value="US"/>
    <property name="sun.boot.library.path" value="C:\Program Files\Java\jdk-11.0.17\bin"/>
    <property name="sun.java.command" value="C:\Users\NEERAJ~1.DES\AppData\Local\Temp\surefire1754945342670112491\surefirebooter13803076075255041497.jar C:\Users\Neeraj Parkash.DESKTOP-K6BRIHC\AppData\Local\Temp\surefire1754945342670112491 2023-08-25T15-02-24_384-jvmRun1 surefire14753365878255188135tmp surefire_09149392014042951893tmp"/>
    <property name="jdk.debug" value="release"/>
    <property name="surefire.test.class.path" value="D:\automate\target\test-classes;D:\automate\target\classes;C:\Users\Neeraj Parkash.DESKTOP-K6BRIHC\.m2\repository\org\junit\jupiter\junit-jupiter-api\5.7.0\junit-jupiter-api-5.7.0.jar;C:\Users\Neeraj Parkash.DESKTOP-K6BRIHC\.m2\repository\org\apiguardian\apiguardian-api\1.1.0\apiguardian-api-1.1.0.jar;C:\Users\Neeraj Parkash.DESKTOP-K6BRIHC\.m2\repository\org\opentest4j\opentest4j\1.2.0\opentest4j-1.2.0.jar;C:\Users\Neeraj Parkash.DESKTOP-K6BRIHC\.m2\repository\org\junit\platform\junit-platform-commons\1.7.0\junit-platform-commons-1.7.0.jar;C:\Users\Neeraj Parkash.DESKTOP-K6BRIHC\.m2\repository\org\junit\jupiter\junit-jupiter-engine\5.7.0\junit-jupiter-engine-5.7.0.jar;C:\Users\Neeraj Parkash.DESKTOP-K6BRIHC\.m2\repository\org\junit\platform\junit-platform-engine\1.7.0\junit-platform-engine-1.7.0.jar;C:\Users\Neeraj Parkash.DESKTOP-K6BRIHC\.m2\repository\org\junit\vintage\junit-vintage-engine\5.7.0\junit-vintage-engine-5.7.0.jar;C:\Users\Neeraj Parkash.DESKTOP-K6BRIHC\.m2\repository\junit\junit\4.13\junit-4.13.jar;C:\Users\Neeraj Parkash.DESKTOP-K6BRIHC\.m2\repository\org\hamcrest\hamcrest-core\1.3\hamcrest-core-1.3.jar;"/>
    <property name="sun.cpu.endian" value="little"/>
    <property name="user.home" value="C:\Users\Neeraj Parkash.DESKTOP-K6BRIHC"/>
    <property name="user.language" value="en"/>
    <property name="java.specification.vendor" value="Oracle Corporation"/>
    <property name="java.version.date" value="2022-10-18"/>
    <property name="java.home" value="C:\Program Files\Java\jdk-11.0.17"/>
    <property name="file.separator" value="\"/>
    <property name="basedir" value="D:\automate"/>
    <property name="java.vm.compressedOopsMode" value="Zero based"/>
    <property name="line.separator" value="&#10;"/>
    <property name="java.specification.name" value="Java Platform API Specification"/>
    <property name="java.vm.specification.vendor" value="Oracle Corporation"/>
    <property name="java.awt.graphicsenv" value="sun.awt.Win32GraphicsEnvironment"/>
    <property name="surefire.real.class.path" value="C:\Users\NEERAJ~1.DES\AppData\Local\Temp\surefire1754945342670112491\surefirebooter13803076075255041497.jar"/>
    <property name="user.script" value=""/>
    <property name="sun.management.compiler" value="HotSpot 64-Bit Tiered Compilers"/>
    <property name="java.runtime.version" value="11.0.17+10-LTS-269"/>
    <property name="user.name" value="Neeraj Parkash"/>
    <property name="path.separator" value=";"/>
    <property name="os.version" value="10.0"/>
    <property name="java.runtime.name" value="Java(TM) SE Runtime Environment"/>
    <property name="file.encoding" value="Cp1252"/>
    <property name="java.vm.name" value="Java HotSpot(TM) 64-Bit Server VM"/>
    <property name="java.vendor.version" value="18.9"/>
    <property name="localRepository" value="C:\Users\Neeraj Parkash.DESKTOP-K6BRIHC\.m2\repository"/>
    <property name="java.vendor.url.bug" value="https://bugreport.java.com/bugreport/"/>
    <property name="java.io.tmpdir" value="C:\Users\NEERAJ~1.DES\AppData\Local\Temp\"/>
    <property name="java.version" value="11.0.17"/>
    <property name="user.dir" value="D:\automate"/>
    <property name="os.arch" value="amd64"/>
    <property name="java.vm.specification.name" value="Java Virtual Machine Specification"/>
    <property name="java.awt.printerjob" value="sun.awt.windows.WPrinterJob"/>
    <property name="sun.os.patch.level" value=""/>
    <property name="java.library.path" value="C:\Program Files\Java\jdk-11.0.17\bin;C:\WINDOWS\Sun\Java\bin;C:\WINDOWS\system32;C:\WINDOWS;C:\Program Files (x86)\Common Files\Oracle\Java\javapath;C:\Windows\system32;C:\Windows;C:\Windows\System32\Wbem;C:\Windows\System32\WindowsPowerShell\v1.0\;C:\Windows\System32\OpenSSH\;C:\Program Files\dotnet\;C:\Program Files\Microsoft SQL Server\130\Tools\Binn\;C:\Program Files\Microsoft SQL Server\Client SDK\ODBC\170\Tools\Binn\;C:\Program Files (x86)\Microsoft SQL Server\150\Tools\Binn\;C:\Program Files\Microsoft SQL Server\150\Tools\Binn\;C:\Program Files\Microsoft SQL Server\150\DTS\Binn\;C:\Program Files (x86)\Bitvise SSH Client;C:\Program Files (x86)\Microsoft SQL Server\150\DTS\Binn\;C:\Program Files\Azure Data Studio\bin;C:\Program Files\PuTTY\;C:\Program Files\MySQL\MySQL Server 8.0\bin;C:\Program Files\Git\cmd;C:\Users\Neeraj Parkash.DESKTOP-K6BRIHC\AppData\Local\Android\Sdk\platform-tools;C:\WINDOWS\system32;C:\WINDOWS;C:\WINDOWS\System32\Wbem;C:\WINDOWS\System32\WindowsPowerShell\v1.0\;C:\WINDOWS\System32\OpenSSH\;C:\Program Files\Docker\Docker\resources\bin;C:\ProgramData\DockerDesktop\version-bin;C:\Program Files\nodejs\;C:\Program Files\apache-maven-4.0.0-alpha-4-bin\apache-maven-4.0.0-alpha-4\bin;C:\Program Files\Tesseract-OCR;C:\Users\Neeraj Parkash.DESKTOP-K6BRIHC\AppData\Local\Programs\Python\Python311;C:\Users\Neeraj Parkash.DESKTOP-K6BRIHC\AppData\Local\Programs\Python\Python311\Lib;C:\Program Files\Java\jdk1.8.0_202\bin;C:\Users\Neeraj Parkash.DESKTOP-K6BRIHC\AppData\Local\Programs\Python\Python311\Scripts\;C:\Users\Neeraj Parkash.DESKTOP-K6BRIHC\AppData\Local\Programs\Python\Python311\;C:\Program Files\MySQL\MySQL Shell 8.0\bin\;C:\Users\Neeraj Parkash.DESKTOP-K6BRIHC\AppData\Local\Microsoft\WindowsApps;C:\Users\Neeraj Parkash.DESKTOP-K6BRIHC\AppData\Local\JetBrains\IntelliJ IDEA Community Edition 2022.2.1\bin;;C:\Program Files\Azure Data Studio\bin;C:\Program Files\Java\jdk-11.0.17;C:\Program Files\JetBrains\IntelliJ IDEA 2022.3.3\bin;;C:\Users\Neeraj Parkash.DESKTOP-K6BRIHC\.dotnet\tools;C:\Program Files\CMake\bin;C:\Users\Neeraj Parkash.DESKTOP-K6BRIHC\AppData\Local\Programs\Microsoft VS Code\bin;C:\Users\Neeraj Parkash.DESKTOP-K6BRIHC\AppData\Roaming\npm;C:\Program Files\JetBrains\PyCharm 2022.3.2\bin;;C:\Users\Neeraj Parkash.DESKTOP-K6BRIHC\AppData\Local\Programs\Python\Python311;C:\Users\Neeraj Parkash.DESKTOP-K6BRIHC\AppData\Local\Programs\Python\Python311\Lib;;."/>
    <property name="java.vendor" value="Oracle Corporation"/>
    <property name="java.vm.info" value="mixed mode"/>
    <property name="java.vm.version" value="11.0.17+10-LTS-269"/>
    <property name="sun.io.unicode.encoding" value="UnicodeLittle"/>
    <property name="java.class.version" value="55.0"/>
  </properties>
  <testcase name="testSingleNumber" classname="com.example.multiplyintegers.MultiplyIntegersTest" time="0.172">
    <failure message="expected: &lt;7&gt; but was: &lt;5&gt;" type="org.opentest4j.AssertionFailedError"><![CDATA[org.opentest4j.AssertionFailedError: expected: <7> but was: <5>
	at com.example.multiplyintegers.MultiplyIntegersTest.testSingleNumber(MultiplyIntegersTest.java:12)
]]></failure>
  </testcase>
  <testcase name="testNoNumber" classname="com.example.multiplyintegers.MultiplyIntegersTest" time="0.006"/>
  <testcase name="testThreeNumbers" classname="com.example.multiplyintegers.MultiplyIntegersTest" time="0.004"/>
  <testcase name="testTwoNumbers" classname="com.example.multiplyintegers.MultiplyIntegersTest" time="0.002"/>
</testsuite>